mode: set
github.com/dkerwin/gini-api-go/error.go:46.35,49.2 1 1
github.com/dkerwin/gini-api-go/error.go:52.88,59.21 2 1
github.com/dkerwin/gini-api-go/error.go:64.2,64.16 1 1
github.com/dkerwin/gini-api-go/error.go:68.2,68.12 1 1
github.com/dkerwin/gini-api-go/error.go:59.21,62.3 2 0
github.com/dkerwin/gini-api-go/error.go:64.16,66.3 1 1
github.com/dkerwin/gini-api-go/extractions.go:27.51,28.39 1 1
github.com/dkerwin/gini-api-go/extractions.go:31.2,31.11 1 1
github.com/dkerwin/gini-api-go/extractions.go:28.39,30.3 1 1
github.com/dkerwin/gini-api-go/giniapi.go:74.33,75.46 1 1
github.com/dkerwin/gini-api-go/giniapi.go:79.2,79.57 1 1
github.com/dkerwin/gini-api-go/giniapi.go:85.2,88.24 2 1
github.com/dkerwin/gini-api-go/giniapi.go:94.2,96.27 2 1
github.com/dkerwin/gini-api-go/giniapi.go:100.2,100.34 1 1
github.com/dkerwin/gini-api-go/giniapi.go:105.2,105.12 1 1
github.com/dkerwin/gini-api-go/giniapi.go:75.46,77.3 1 1
github.com/dkerwin/gini-api-go/giniapi.go:79.57,80.65 1 1
github.com/dkerwin/gini-api-go/giniapi.go:80.65,82.4 1 1
github.com/dkerwin/gini-api-go/giniapi.go:88.24,91.3 2 1
github.com/dkerwin/gini-api-go/giniapi.go:96.27,99.3 2 1
github.com/dkerwin/gini-api-go/giniapi.go:100.34,103.3 2 1
github.com/dkerwin/gini-api-go/giniapi.go:123.49,124.24 1 1
github.com/dkerwin/gini-api-go/giniapi.go:127.2,127.22 1 1
github.com/dkerwin/gini-api-go/giniapi.go:124.24,126.3 1 1
github.com/dkerwin/gini-api-go/giniapi.go:157.52,158.40 1 1
github.com/dkerwin/gini-api-go/giniapi.go:163.2,164.16 2 1
github.com/dkerwin/gini-api-go/giniapi.go:168.2,171.8 1 1
github.com/dkerwin/gini-api-go/giniapi.go:158.40,160.3 1 0
github.com/dkerwin/gini-api-go/giniapi.go:164.16,166.3 1 0
github.com/dkerwin/gini-api-go/giniapi.go:179.92,182.16 3 1
github.com/dkerwin/gini-api-go/giniapi.go:185.2,185.43 1 1
github.com/dkerwin/gini-api-go/giniapi.go:188.2,191.16 3 1
github.com/dkerwin/gini-api-go/giniapi.go:194.2,199.17 3 1
github.com/dkerwin/gini-api-go/giniapi.go:182.16,184.3 1 0
github.com/dkerwin/gini-api-go/giniapi.go:185.43,187.3 1 0
github.com/dkerwin/gini-api-go/giniapi.go:191.16,193.3 1 0
github.com/dkerwin/gini-api-go/giniapi.go:203.74,205.16 2 1
github.com/dkerwin/gini-api-go/giniapi.go:208.2,208.38 1 1
github.com/dkerwin/gini-api-go/giniapi.go:212.2,214.16 3 1
github.com/dkerwin/gini-api-go/giniapi.go:218.2,219.55 2 1
github.com/dkerwin/gini-api-go/giniapi.go:224.2,227.18 3 1
github.com/dkerwin/gini-api-go/giniapi.go:205.16,207.3 1 0
github.com/dkerwin/gini-api-go/giniapi.go:208.38,210.3 1 0
github.com/dkerwin/gini-api-go/giniapi.go:214.16,216.3 1 0
github.com/dkerwin/gini-api-go/giniapi.go:219.55,221.3 1 0
github.com/dkerwin/gini-api-go/giniapi.go:231.71,240.16 4 1
github.com/dkerwin/gini-api-go/giniapi.go:244.2,244.38 1 1
github.com/dkerwin/gini-api-go/giniapi.go:248.2,251.16 3 1
github.com/dkerwin/gini-api-go/giniapi.go:255.2,256.56 2 1
github.com/dkerwin/gini-api-go/giniapi.go:261.2,261.35 1 1
github.com/dkerwin/gini-api-go/giniapi.go:266.2,266.19 1 1
github.com/dkerwin/gini-api-go/giniapi.go:240.16,242.3 1 0
github.com/dkerwin/gini-api-go/giniapi.go:244.38,246.3 1 0
github.com/dkerwin/gini-api-go/giniapi.go:251.16,253.3 1 0
github.com/dkerwin/gini-api-go/giniapi.go:256.56,258.3 1 0
github.com/dkerwin/gini-api-go/giniapi.go:261.35,264.3 2 1
github.com/dkerwin/gini-api-go/giniapi.go:270.75,281.16 4 1
github.com/dkerwin/gini-api-go/giniapi.go:285.2,285.38 1 1
github.com/dkerwin/gini-api-go/giniapi.go:289.2,292.16 3 1
github.com/dkerwin/gini-api-go/giniapi.go:296.2,297.55 2 1
github.com/dkerwin/gini-api-go/giniapi.go:302.2,302.35 1 1
github.com/dkerwin/gini-api-go/giniapi.go:307.2,307.19 1 1
github.com/dkerwin/gini-api-go/giniapi.go:281.16,283.3 1 0
github.com/dkerwin/gini-api-go/giniapi.go:285.38,287.3 1 0
github.com/dkerwin/gini-api-go/giniapi.go:292.16,294.3 1 0
github.com/dkerwin/gini-api-go/giniapi.go:297.55,299.3 1 0
github.com/dkerwin/gini-api-go/giniapi.go:302.35,305.3 2 1
github.com/dkerwin/gini-api-go/utils.go:14.146,16.16 2 1
github.com/dkerwin/gini-api-go/utils.go:19.2,22.69 3 1
github.com/dkerwin/gini-api-go/utils.go:30.2,30.28 1 1
github.com/dkerwin/gini-api-go/utils.go:34.2,35.18 2 1
github.com/dkerwin/gini-api-go/utils.go:16.16,18.3 1 0
github.com/dkerwin/gini-api-go/utils.go:22.69,23.27 1 1
github.com/dkerwin/gini-api-go/utils.go:26.3,26.54 1 1
github.com/dkerwin/gini-api-go/utils.go:23.27,25.4 1 1
github.com/dkerwin/gini-api-go/utils.go:30.28,32.3 1 1
github.com/dkerwin/gini-api-go/utils.go:38.81,43.38 3 1
github.com/dkerwin/gini-api-go/utils.go:52.2,53.19 2 1
github.com/dkerwin/gini-api-go/utils.go:43.38,44.32 1 1
github.com/dkerwin/gini-api-go/utils.go:45.3,46.26 1 1
github.com/dkerwin/gini-api-go/utils.go:47.3,48.40 1 1
github.com/dkerwin/gini-api-go/auth.go:23.68,34.27 2 1
github.com/dkerwin/gini-api-go/auth.go:51.2,51.67 1 1
github.com/dkerwin/gini-api-go/auth.go:34.27,36.17 2 1
github.com/dkerwin/gini-api-go/auth.go:39.3,40.21 2 1
github.com/dkerwin/gini-api-go/auth.go:36.17,38.4 1 0
github.com/dkerwin/gini-api-go/auth.go:42.3,42.59 1 1
github.com/dkerwin/gini-api-go/auth.go:42.59,44.17 2 1
github.com/dkerwin/gini-api-go/auth.go:47.3,48.21 2 1
github.com/dkerwin/gini-api-go/auth.go:44.17,46.4 1 0
github.com/dkerwin/gini-api-go/auth.go:62.82,66.14 3 1
github.com/dkerwin/gini-api-go/auth.go:70.2,71.17 2 1
github.com/dkerwin/gini-api-go/auth.go:66.14,68.3 1 1
github.com/dkerwin/gini-api-go/auth.go:75.71,78.2 2 1
github.com/dkerwin/gini-api-go/auth.go:82.58,84.2 1 1
github.com/dkerwin/gini-api-go/document.go:18.40,20.2 1 1
github.com/dkerwin/gini-api-go/document.go:59.36,61.2 1 1
github.com/dkerwin/gini-api-go/document.go:65.54,67.15 2 1
github.com/dkerwin/gini-api-go/document.go:69.2,72.12 3 1
github.com/dkerwin/gini-api-go/document.go:86.2,86.9 1 1
github.com/dkerwin/gini-api-go/document.go:67.15,67.58 1 1
github.com/dkerwin/gini-api-go/document.go:72.12,73.7 1 1
github.com/dkerwin/gini-api-go/document.go:73.7,74.11 1 1
github.com/dkerwin/gini-api-go/document.go:75.4,76.11 1 0
github.com/dkerwin/gini-api-go/document.go:77.4,79.63 2 1
github.com/dkerwin/gini-api-go/document.go:79.63,81.6 1 1
github.com/dkerwin/gini-api-go/document.go:87.2,88.17 1 1
github.com/dkerwin/gini-api-go/document.go:91.3,92.13 2 1
github.com/dkerwin/gini-api-go/document.go:93.2,95.103 2 0
github.com/dkerwin/gini-api-go/document.go:88.17,90.4 1 0
github.com/dkerwin/gini-api-go/document.go:100.35,102.16 2 1
github.com/dkerwin/gini-api-go/document.go:105.2,106.12 2 1
github.com/dkerwin/gini-api-go/document.go:102.16,104.3 1 0
github.com/dkerwin/gini-api-go/document.go:110.35,113.16 2 1
github.com/dkerwin/gini-api-go/document.go:117.2,117.45 1 1
github.com/dkerwin/gini-api-go/document.go:121.2,121.12 1 1
github.com/dkerwin/gini-api-go/document.go:113.16,115.3 1 0
github.com/dkerwin/gini-api-go/document.go:117.45,119.3 1 0
github.com/dkerwin/gini-api-go/document.go:126.74,136.16 4 1
github.com/dkerwin/gini-api-go/document.go:140.2,140.38 1 1
github.com/dkerwin/gini-api-go/document.go:144.2,144.12 1 1
github.com/dkerwin/gini-api-go/document.go:136.16,138.3 1 0
github.com/dkerwin/gini-api-go/document.go:140.38,142.3 1 0
github.com/dkerwin/gini-api-go/document.go:149.49,154.16 3 1
github.com/dkerwin/gini-api-go/document.go:158.2,158.38 1 1
github.com/dkerwin/gini-api-go/document.go:162.2,162.67 1 1
github.com/dkerwin/gini-api-go/document.go:166.2,166.21 1 1
github.com/dkerwin/gini-api-go/document.go:154.16,156.3 1 0
github.com/dkerwin/gini-api-go/document.go:158.38,160.3 1 0
github.com/dkerwin/gini-api-go/document.go:162.67,164.3 1 0
github.com/dkerwin/gini-api-go/document.go:170.59,175.16 3 1
github.com/dkerwin/gini-api-go/document.go:179.2,179.38 1 1
github.com/dkerwin/gini-api-go/document.go:183.2,183.72 1 1
github.com/dkerwin/gini-api-go/document.go:187.2,187.26 1 1
github.com/dkerwin/gini-api-go/document.go:175.16,177.3 1 0
github.com/dkerwin/gini-api-go/document.go:179.38,181.3 1 0
github.com/dkerwin/gini-api-go/document.go:183.72,185.3 1 0
github.com/dkerwin/gini-api-go/document.go:191.51,199.16 4 1
github.com/dkerwin/gini-api-go/document.go:203.2,203.38 1 1
github.com/dkerwin/gini-api-go/document.go:207.2,210.16 3 1
github.com/dkerwin/gini-api-go/document.go:214.2,214.25 1 1
github.com/dkerwin/gini-api-go/document.go:199.16,201.3 1 0
github.com/dkerwin/gini-api-go/document.go:203.38,205.3 1 0
github.com/dkerwin/gini-api-go/document.go:210.16,212.3 1 0
github.com/dkerwin/gini-api-go/document.go:218.73,223.40 2 1
github.com/dkerwin/gini-api-go/document.go:227.2,228.16 2 1
github.com/dkerwin/gini-api-go/document.go:232.2,233.16 2 1
github.com/dkerwin/gini-api-go/document.go:237.2,237.45 1 1
github.com/dkerwin/gini-api-go/document.go:241.2,241.12 1 1
github.com/dkerwin/gini-api-go/document.go:223.40,225.3 1 1
github.com/dkerwin/gini-api-go/document.go:228.16,230.3 1 0
github.com/dkerwin/gini-api-go/document.go:233.16,235.3 1 0
github.com/dkerwin/gini-api-go/document.go:237.45,239.3 1 0
